2025-06-15 21:17:35,885 - INFO - HOPE SELLIN 데이터 집계 시작
2025-06-15 21:17:35,952 - ERROR - HOPE SELLIN 데이터 집계 중 오류 발생: No module named 'cx_Oracle'
2025-06-15 21:17:35,953 - ERROR - 프로그램 비정상 종료
2025-06-15 21:19:18,447 - INFO - HOPE SELLIN 데이터 집계 시작
2025-06-15 21:19:18,494 - ERROR - HOPE SELLIN 데이터 집계 중 오류 발생: (cx_Oracle.DatabaseError) DPI-1047: Cannot locate a 64-bit Oracle Client library: "libclntsh.so: cannot open shared object file: No such file or directory". See https://cx-oracle.readthedocs.io/en/latest/user_guide/installation.html for help
(Background on this error at: https://sqlalche.me/e/20/4xp6)
2025-06-15 21:19:18,495 - ERROR - 프로그램 비정상 종료
2025-06-15 21:28:53,585 - INFO - HOPE SELLIN 데이터 집계 시작
2025-06-15 21:28:53,621 - ERROR - HOPE SELLIN 데이터 집계 중 오류 발생: (cx_Oracle.DatabaseError) DPI-1047: Cannot locate a 64-bit Oracle Client library: "libaio.so.1: cannot open shared object file: No such file or directory". See https://cx-oracle.readthedocs.io/en/latest/user_guide/installation.html for help
(Background on this error at: https://sqlalche.me/e/20/4xp6)
2025-06-15 21:28:53,621 - ERROR - 프로그램 비정상 종료
2025-06-15 21:29:25,007 - INFO - HOPE SELLIN 데이터 집계 시작
2025-06-15 21:29:25,042 - ERROR - HOPE SELLIN 데이터 집계 중 오류 발생: (cx_Oracle.DatabaseError) DPI-1047: Cannot locate a 64-bit Oracle Client library: "libaio.so.1: cannot open shared object file: No such file or directory". See https://cx-oracle.readthedocs.io/en/latest/user_guide/installation.html for help
(Background on this error at: https://sqlalche.me/e/20/4xp6)
2025-06-15 21:29:25,043 - ERROR - 프로그램 비정상 종료
2025-06-15 21:32:47,491 - INFO - HOPE SELLIN 데이터 집계 시작
2025-06-15 21:38:34,756 - INFO - Oracle DB에서 15696건의 데이터 조회 완료
2025-06-15 21:38:34,765 - ERROR - 필수 컬럼 누락: ['M_CODE', 'YYYY', 'MM', 'SUPP_QTY']
2025-06-15 21:38:34,768 - ERROR - 프로그램 비정상 종료
2025-06-15 21:42:00,900 - INFO - HOPE SELLIN 데이터 집계 시작
2025-06-15 21:45:42,795 - INFO - Oracle DB에서 15696건의 데이터 조회 완료
2025-06-15 21:45:42,797 - ERROR - 필수 컬럼 누락: ['M_CODE', 'YYYY', 'MM', 'SUPP_QTY']
2025-06-15 21:45:42,802 - ERROR - 프로그램 비정상 종료
2025-06-15 21:46:55,560 - INFO - HOPE SELLIN 데이터 집계 시작
2025-06-15 21:50:27,132 - INFO - Oracle DB에서 15696건의 데이터 조회 완료
2025-06-15 21:50:27,162 - WARNING - 음수 수량이 67건 존재합니다.
2025-06-15 21:50:27,332 - INFO - 테이블 'sellin_monthly_agg' 저장 완료 (레코드 수: 15696)
2025-06-15 21:50:27,332 - INFO - HOPE SELLIN 데이터 집계 완료
2025-06-15 21:50:27,334 - INFO - 프로그램 정상 종료
